<?xml version="1.0" encoding="UTF-8"?>
<checkstyle version="6.18">
<file name="K:\IntelliJ\Projects\TicTacClaw\src\main\java\edu\baylor\ecs\App\Main.java">
<error line="0" severity="error" message="Missing package-info.java file." source="com.puppycrawl.tools.checkstyle.checks.javadoc.JavadocPackageCheck"/>
</file>
<file name="K:\IntelliJ\Projects\TicTacClaw\src\main\java\edu\baylor\ecs\Database\ConnectToServer.java">
<error line="0" severity="error" message="File does not end with a newline." source="com.puppycrawl.tools.checkstyle.checks.NewlineAtEndOfFileCheck"/>
<error line="0" severity="error" message="Missing package-info.java file." source="com.puppycrawl.tools.checkstyle.checks.javadoc.JavadocPackageCheck"/>
<error line="21" column="1" severity="error" message="Utility classes should not have a public or default constructor." source="com.puppycrawl.tools.checkstyle.checks.design.HideUtilityClassConstructorCheck"/>
<error line="22" column="5" severity="error" message="Missing a Javadoc comment." source="com.puppycrawl.tools.checkstyle.checks.javadoc.JavadocVariableCheck"/>
<error line="23" column="5" severity="error" message="Missing a Javadoc comment." source="com.puppycrawl.tools.checkstyle.checks.javadoc.JavadocVariableCheck"/>
<error line="26" column="5" severity="error" message="Missing a Javadoc comment." source="com.puppycrawl.tools.checkstyle.checks.javadoc.JavadocVariableCheck"/>
<error line="27" column="5" severity="error" message="Missing a Javadoc comment." source="com.puppycrawl.tools.checkstyle.checks.javadoc.JavadocVariableCheck"/>
<error line="30" column="42" severity="error" message="Expected @param tag for &apos;args&apos;." source="com.puppycrawl.tools.checkstyle.checks.javadoc.JavadocMethodCheck"/>
<error line="30" column="46" severity="error" message="Array brackets at illegal position." source="com.puppycrawl.tools.checkstyle.checks.ArrayTypeStyleCheck"/>
<error line="30" column="57" severity="error" message="Expected @throws tag for &apos;SQLException&apos;." source="com.puppycrawl.tools.checkstyle.checks.javadoc.JavadocMethodCheck"/>
<error line="35" column="46" severity="error" message="Expected @throws tag for &apos;SQLException&apos;." source="com.puppycrawl.tools.checkstyle.checks.javadoc.JavadocMethodCheck"/>
<error line="40" severity="error" message="Line is longer than 80 characters (found 92)." source="com.puppycrawl.tools.checkstyle.checks.sizes.LineLengthCheck"/>
<error line="43" severity="error" message="Line is longer than 80 characters (found 84)." source="com.puppycrawl.tools.checkstyle.checks.sizes.LineLengthCheck"/>
<error line="69" severity="error" message="Expected an @return tag." source="com.puppycrawl.tools.checkstyle.checks.javadoc.JavadocMethodCheck"/>
<error line="69" column="49" severity="error" message="Expected @param tag for &apos;usr_Name&apos;." source="com.puppycrawl.tools.checkstyle.checks.javadoc.JavadocMethodCheck"/>
<error line="69" column="49" severity="error" message="Name &apos;usr_Name&apos; must match pattern &apos;^[a-z][a-zA-Z0-9]*$&apos;." source="com.puppycrawl.tools.checkstyle.checks.naming.ParameterNameCheck"/>
<error line="70" column="49" severity="error" message="Expected @param tag for &apos;usr_Password&apos;." source="com.puppycrawl.tools.checkstyle.checks.javadoc.JavadocMethodCheck"/>
<error line="70" column="49" severity="error" message="Name &apos;usr_Password&apos; must match pattern &apos;^[a-z][a-zA-Z0-9]*$&apos;." source="com.puppycrawl.tools.checkstyle.checks.naming.ParameterNameCheck"/>
<error line="71" column="20" severity="error" message="Expected @throws tag for &apos;SQLException&apos;." source="com.puppycrawl.tools.checkstyle.checks.javadoc.JavadocMethodCheck"/>
<error line="121" severity="error" message="Expected an @return tag." source="com.puppycrawl.tools.checkstyle.checks.javadoc.JavadocMethodCheck"/>
<error line="121" column="46" severity="error" message="Expected @param tag for &apos;usr_Name&apos;." source="com.puppycrawl.tools.checkstyle.checks.javadoc.JavadocMethodCheck"/>
<error line="121" column="46" severity="error" message="Name &apos;usr_Name&apos; must match pattern &apos;^[a-z][a-zA-Z0-9]*$&apos;." source="com.puppycrawl.tools.checkstyle.checks.naming.ParameterNameCheck"/>
<error line="122" column="46" severity="error" message="Expected @param tag for &apos;usr_Password&apos;." source="com.puppycrawl.tools.checkstyle.checks.javadoc.JavadocMethodCheck"/>
<error line="122" column="46" severity="error" message="Name &apos;usr_Password&apos; must match pattern &apos;^[a-z][a-zA-Z0-9]*$&apos;." source="com.puppycrawl.tools.checkstyle.checks.naming.ParameterNameCheck"/>
<error line="123" column="20" severity="error" message="Expected @throws tag for &apos;SQLException&apos;." source="com.puppycrawl.tools.checkstyle.checks.javadoc.JavadocMethodCheck"/>
</file>
<file name="K:\IntelliJ\Projects\TicTacClaw\src\main\java\edu\baylor\ecs\Game\SinglePlayer.java">
<error line="0" severity="error" message="Missing package-info.java file." source="com.puppycrawl.tools.checkstyle.checks.javadoc.JavadocPackageCheck"/>
</file>
<file name="K:\IntelliJ\Projects\TicTacClaw\src\main\java\edu\baylor\ecs\Game\Tile.java">
<error line="70" severity="error" message="Line is longer than 80 characters (found 81)." source="com.puppycrawl.tools.checkstyle.checks.sizes.LineLengthCheck"/>
</file>
<file name="K:\IntelliJ\Projects\TicTacClaw\src\main\java\edu\baylor\ecs\MediaPlayer\MediaBox.java">
<error line="0" severity="error" message="Missing package-info.java file." source="com.puppycrawl.tools.checkstyle.checks.javadoc.JavadocPackageCheck"/>
</file>
<file name="K:\IntelliJ\Projects\TicTacClaw\src\main\java\edu\baylor\ecs\PopUps\AlertBox.java">
<error line="0" severity="error" message="Missing package-info.java file." source="com.puppycrawl.tools.checkstyle.checks.javadoc.JavadocPackageCheck"/>
</file>
<file name="K:\IntelliJ\Projects\TicTacClaw\src\main\java\edu\baylor\ecs\Window\Controllers\HomeScreenController.java">
<error line="0" severity="error" message="Missing package-info.java file." source="com.puppycrawl.tools.checkstyle.checks.javadoc.JavadocPackageCheck"/>
</file>
<file name="K:\IntelliJ\Projects\TicTacClaw\src\main\java\edu\baylor\ecs\Window\MasterWindow.java">
<error line="0" severity="error" message="Missing package-info.java file." source="com.puppycrawl.tools.checkstyle.checks.javadoc.JavadocPackageCheck"/>
</file>
</checkstyle>
